[2024/05/10 21:06:43.938] - Starting server with initial configuration: {"gasLimit":6721975,"gasPrice":20000000000,"hardfork":"merge","hostname":"127.0.0.1","port":7545,"network_id":5777,"default_balance_ether":100,"total_accounts":10,"unlocked_accounts":[],"locked":false,"vmErrorsOnRPCResponse":true,"verbose":false,"flavor":"ethereum","db_path":"C:\\Users\\ayush\\AppData\\Roaming\\Ganache\\ui\\workspaces\\tender-thing\\chaindata","mnemonic":"urge energy movie zebra soccer ensure agent hip rent margin practice ramp","logDirectory":"C:\\Users\\ayush\\Desktop\\project3"}
[2024/05/10 21:06:44.176] - eth_subscribe
[2024/05/10 21:06:44.180] - eth_getLogs
[2024/05/10 21:06:44.182] - eth_subscribe
[2024/05/10 21:06:44.267] - eth_subscribe
[2024/05/10 21:06:44.269] - eth_getLogs
[2024/05/10 21:06:44.271] - eth_subscribe
[2024/05/10 21:06:44.336] - eth_subscribe
[2024/05/10 21:06:44.349] - eth_blockNumber
[2024/05/10 21:06:44.351] - eth_accounts
[2024/05/10 21:06:44.352] - eth_gasPrice
[2024/05/10 21:06:44.353] - eth_getBlockByNumber
[2024/05/10 21:06:44.354] - eth_subscribe
[2024/05/10 21:06:44.359] - eth_blockNumber
[2024/05/10 21:06:44.360] - eth_accounts
[2024/05/10 21:06:44.361] - eth_gasPrice
[2024/05/10 21:06:44.362] - eth_getBlockByNumber
[2024/05/10 21:06:44.376] - eth_accounts
[2024/05/10 21:06:44.439] - eth_getBalance
[2024/05/10 21:06:44.444] - eth_getTransactionCount
[2024/05/10 21:06:44.448] - eth_getBalance
[2024/05/10 21:06:44.453] - eth_getTransactionCount
[2024/05/10 21:06:44.459] - eth_getBalance
[2024/05/10 21:06:44.465] - eth_getTransactionCount
[2024/05/10 21:06:44.471] - eth_getBalance
[2024/05/10 21:06:44.476] - eth_getTransactionCount
[2024/05/10 21:06:44.481] - eth_getBalance
[2024/05/10 21:06:44.488] - eth_getTransactionCount
[2024/05/10 21:06:44.493] - eth_getBalance
[2024/05/10 21:06:44.497] - eth_getTransactionCount
[2024/05/10 21:06:44.502] - eth_getBalance
[2024/05/10 21:06:44.507] - eth_getTransactionCount
[2024/05/10 21:06:44.511] - eth_getBalance
[2024/05/10 21:06:44.515] - eth_getTransactionCount
[2024/05/10 21:06:44.519] - eth_getBalance
[2024/05/10 21:06:44.523] - eth_getTransactionCount
[2024/05/10 21:06:44.528] - eth_getBalance
[2024/05/10 21:06:44.532] - eth_getTransactionCount
[2024/05/10 21:06:44.542] - eth_getBalance
[2024/05/10 21:06:44.546] - eth_getTransactionCount
[2024/05/10 21:06:44.553] - eth_getBalance
[2024/05/10 21:06:44.557] - eth_getTransactionCount
[2024/05/10 21:06:44.561] - eth_getBalance
[2024/05/10 21:06:44.565] - eth_getTransactionCount
[2024/05/10 21:06:44.569] - eth_getBalance
[2024/05/10 21:06:44.573] - eth_getTransactionCount
[2024/05/10 21:06:44.579] - eth_getBalance
[2024/05/10 21:06:44.582] - eth_getTransactionCount
[2024/05/10 21:06:44.586] - eth_getBalance
[2024/05/10 21:06:44.589] - eth_getTransactionCount
[2024/05/10 21:06:44.592] - eth_getBalance
[2024/05/10 21:06:44.595] - eth_getTransactionCount
[2024/05/10 21:06:44.598] - eth_getBalance
[2024/05/10 21:06:44.604] - eth_getTransactionCount
[2024/05/10 21:06:44.608] - eth_getBalance
[2024/05/10 21:06:44.612] - eth_getTransactionCount
[2024/05/10 21:06:44.616] - eth_getBalance
[2024/05/10 21:06:44.622] - eth_getTransactionCount
[2024/05/10 21:06:44.626] - eth_getBalance
[2024/05/10 21:06:44.630] - eth_getTransactionCount
[2024/05/10 21:06:44.636] - eth_getBalance
[2024/05/10 21:06:44.640] - eth_getTransactionCount
[2024/05/10 21:06:44.644] - eth_getBalance
[2024/05/10 21:06:44.649] - eth_getTransactionCount
[2024/05/10 21:06:44.653] - eth_getBalance
[2024/05/10 21:06:44.657] - eth_getTransactionCount
[2024/05/10 21:06:44.663] - eth_getBalance
[2024/05/10 21:06:44.670] - eth_getTransactionCount
[2024/05/10 21:06:44.674] - eth_getBalance
[2024/05/10 21:06:44.678] - eth_getTransactionCount
[2024/05/10 21:06:44.681] - eth_getBalance
[2024/05/10 21:06:44.685] - eth_getTransactionCount
[2024/05/10 21:06:44.689] - eth_getBalance
[2024/05/10 21:06:44.692] - eth_getTransactionCount
[2024/05/10 21:06:44.696] - eth_getBalance
[2024/05/10 21:06:44.700] - eth_getTransactionCount
[2024/05/10 21:06:44.704] - eth_getBalance
[2024/05/10 21:06:44.708] - eth_getTransactionCount
[2024/05/10 21:06:44.796] - eth_getTransactionCount
[2024/05/10 21:06:44.800] - eth_getBalance
[2024/05/10 21:06:44.804] - eth_getTransactionCount
[2024/05/10 21:06:44.808] - eth_getBalance
[2024/05/10 21:06:44.811] - eth_getTransactionCount
[2024/05/10 21:06:44.815] - eth_getBalance
[2024/05/10 21:06:44.821] - eth_getTransactionCount
[2024/05/10 21:06:44.825] - eth_getBalance
[2024/05/10 21:06:44.829] - eth_getTransactionCount
[2024/05/10 21:06:44.833] - eth_getBalance
[2024/05/10 21:06:44.836] - eth_getTransactionCount
[2024/05/10 21:06:44.841] - eth_getBalance
[2024/05/10 21:06:44.844] - eth_getTransactionCount
[2024/05/10 21:06:44.848] - eth_getBalance
[2024/05/10 21:06:44.851] - eth_getTransactionCount
[2024/05/10 21:06:44.855] - eth_getBalance
[2024/05/10 21:06:44.858] - eth_getTransactionCount
[2024/05/10 21:06:44.861] - eth_getBalance
[2024/05/10 21:06:44.864] - eth_getTransactionCount
[2024/05/10 21:07:23.156] - eth_chainId
[2024/05/10 21:07:23.162] - eth_call
[2024/05/10 21:07:23.180] - eth_getCode
[2024/05/10 21:07:32.798] - eth_chainId
[2024/05/10 21:07:32.803] - eth_call
[2024/05/10 21:07:32.817] - eth_getCode
[2024/05/10 21:17:06.299] - eth_chainId
[2024/05/10 21:17:06.310] - eth_call
[2024/05/10 21:17:06.334] - eth_getCode
[2024/05/10 21:17:11.214] - eth_chainId
[2024/05/10 21:17:11.222] - eth_call
[2024/05/10 21:17:11.239] - eth_getCode
[2024/05/10 21:17:14.539] - eth_chainId
[2024/05/10 21:17:14.545] - eth_call
[2024/05/10 21:17:14.566] - eth_getCode
[2024/05/10 21:17:14.574] - eth_accounts
[2024/05/10 21:17:14.583] - eth_getBlockByNumber
[2024/05/10 21:17:14.589] - eth_chainId
[2024/05/10 21:17:14.596] - eth_chainId
[2024/05/10 21:17:14.602] - eth_estimateGas
[2024/05/10 21:17:14.648] - eth_blockNumber
[2024/05/10 21:17:14.653] - eth_getBlockByNumber
[2024/05/10 21:17:14.661] - eth_sendTransaction
[2024/05/10 21:17:14.720] - 
  Transaction: 0x0920eef0d79660873d066fb95f55330a0dfdb790d2c625454aeb5472b0f9ad2d
  Gas usage: 21052
  Block number: 9
  Block time: Fri May 10 2024 21:17:14 GMT+0530 (India Standard Time)

[2024/05/10 21:17:14.772] - eth_getBlockByNumber
[2024/05/10 21:17:14.782] - eth_getBalance
[2024/05/10 21:17:14.794] - eth_getTransactionCount
[2024/05/10 21:17:14.807] - eth_getBalance
[2024/05/10 21:17:14.815] - eth_getTransactionCount
[2024/05/10 21:17:14.826] - eth_getBalance
[2024/05/10 21:17:14.838] - eth_getTransactionCount
[2024/05/10 21:17:14.846] - eth_getBalance
[2024/05/10 21:17:14.862] - eth_getTransactionCount
[2024/05/10 21:17:14.874] - eth_getBalance
[2024/05/10 21:17:14.882] - eth_getTransactionCount
[2024/05/10 21:17:14.893] - eth_getBalance
[2024/05/10 21:17:14.902] - eth_getTransactionCount
[2024/05/10 21:17:14.921] - eth_getBalance
[2024/05/10 21:17:14.935] - eth_getTransactionCount
[2024/05/10 21:17:14.947] - eth_getBalance
[2024/05/10 21:17:14.957] - eth_getTransactionCount
[2024/05/10 21:17:14.975] - eth_getBalance
[2024/05/10 21:17:15.004] - eth_getTransactionCount
[2024/05/10 21:17:15.014] - eth_getBalance
[2024/05/10 21:17:15.024] - eth_getTransactionCount
[2024/05/10 21:17:17.707] - eth_chainId
[2024/05/10 21:17:17.713] - eth_call
[2024/05/10 21:17:17.727] - eth_getCode
[2024/05/10 21:17:17.845] - eth_chainId
[2024/05/10 21:17:17.850] - eth_call
[2024/05/10 21:17:17.863] - eth_getCode
[2024/05/10 21:17:21.057] - eth_chainId
[2024/05/10 21:17:21.064] - eth_call
[2024/05/10 21:17:21.074] - eth_getCode
[2024/05/10 21:17:21.088] - eth_accounts
[2024/05/10 21:17:21.094] - eth_getBlockByNumber
[2024/05/10 21:17:21.099] - eth_chainId
[2024/05/10 21:17:21.105] - eth_chainId
[2024/05/10 21:17:21.113] - eth_estimateGas
[2024/05/10 21:17:21.140] - eth_blockNumber
[2024/05/10 21:17:21.145] - eth_getBlockByNumber
[2024/05/10 21:17:21.151] - eth_sendTransaction
[2024/05/10 21:17:21.166] - 
  Transaction: 0x8fa52540f8e78cf9ff9d7021dde03b689f2db2b259e67f2453f77b1e9023647b
  Gas usage: 21052
  Block number: 10
  Block time: Fri May 10 2024 21:17:21 GMT+0530 (India Standard Time)

[2024/05/10 21:17:21.172] - eth_getBlockByNumber
[2024/05/10 21:17:21.189] - eth_getBalance
[2024/05/10 21:17:21.200] - eth_getTransactionCount
[2024/05/10 21:17:21.209] - eth_getBalance
[2024/05/10 21:17:21.216] - eth_getTransactionCount
[2024/05/10 21:17:21.222] - eth_getBalance
[2024/05/10 21:17:21.230] - eth_getTransactionCount
[2024/05/10 21:17:21.241] - eth_getBalance
[2024/05/10 21:17:21.249] - eth_getTransactionCount
[2024/05/10 21:17:21.254] - eth_getBalance
[2024/05/10 21:17:21.260] - eth_getTransactionCount
[2024/05/10 21:17:21.265] - eth_getBalance
[2024/05/10 21:17:21.271] - eth_getTransactionCount
[2024/05/10 21:17:21.278] - eth_getBalance
[2024/05/10 21:17:21.284] - eth_getTransactionCount
[2024/05/10 21:17:21.289] - eth_getBalance
[2024/05/10 21:17:21.299] - eth_getTransactionCount
[2024/05/10 21:17:21.304] - eth_getBalance
[2024/05/10 21:17:21.312] - eth_getTransactionCount
[2024/05/10 21:17:21.323] - eth_getBalance
[2024/05/10 21:17:21.338] - eth_getTransactionCount
[2024/05/10 21:17:24.891] - eth_chainId
[2024/05/10 21:17:24.896] - eth_call
[2024/05/10 21:17:24.904] - eth_getCode
[2024/05/10 21:17:28.506] - eth_chainId
[2024/05/10 21:17:28.511] - eth_call
[2024/05/10 21:17:28.517] - eth_getCode
[2024/05/10 21:17:28.526] - eth_accounts
[2024/05/10 21:17:28.534] - eth_getBlockByNumber
[2024/05/10 21:17:28.537] - eth_chainId
[2024/05/10 21:17:28.542] - eth_chainId
[2024/05/10 21:17:28.547] - eth_estimateGas
[2024/05/10 21:17:28.563] - eth_blockNumber
[2024/05/10 21:17:28.567] - eth_getBlockByNumber
[2024/05/10 21:17:28.573] - eth_sendTransaction
[2024/05/10 21:17:28.588] - 
  Transaction: 0x6148242eb39548fad47e48d76b00cce293d61b5fabca7b2dcb8b3304b0f0ad13
  Gas usage: 21052
  Block number: 11
  Block time: Fri May 10 2024 21:17:28 GMT+0530 (India Standard Time)

[2024/05/10 21:17:28.592] - eth_getBlockByNumber
[2024/05/10 21:17:28.615] - eth_getBalance
[2024/05/10 21:17:28.626] - eth_getTransactionCount
[2024/05/10 21:17:28.636] - eth_getBalance
[2024/05/10 21:17:28.649] - eth_getTransactionCount
[2024/05/10 21:17:28.658] - eth_getBalance
[2024/05/10 21:17:28.666] - eth_getTransactionCount
[2024/05/10 21:17:28.674] - eth_getBalance
[2024/05/10 21:17:28.685] - eth_getTransactionCount
[2024/05/10 21:17:28.694] - eth_getBalance
[2024/05/10 21:17:28.703] - eth_getTransactionCount
[2024/05/10 21:17:28.709] - eth_getBalance
[2024/05/10 21:17:28.716] - eth_getTransactionCount
[2024/05/10 21:17:28.722] - eth_getBalance
[2024/05/10 21:17:28.729] - eth_getTransactionCount
[2024/05/10 21:17:28.734] - eth_getBalance
[2024/05/10 21:17:28.739] - eth_getTransactionCount
[2024/05/10 21:17:28.745] - eth_getBalance
[2024/05/10 21:17:28.749] - eth_getTransactionCount
[2024/05/10 21:17:28.754] - eth_getBalance
[2024/05/10 21:17:28.760] - eth_getTransactionCount
[2024/05/10 21:17:39.039] - eth_unsubscribe
[2024/05/10 21:17:39.041] - eth_unsubscribe
