[2024/05/11 12:43:41.662] - Starting server with initial configuration: {"gasLimit":6721975,"gasPrice":20000000000,"hardfork":"merge","hostname":"127.0.0.1","port":9545,"network_id":5777,"default_balance_ether":100,"total_accounts":10,"unlocked_accounts":[],"locked":false,"vmErrorsOnRPCResponse":true,"verbose":false,"flavor":"ethereum","db_path":"C:\\Users\\ayush\\AppData\\Roaming\\Ganache\\ui\\workspaces\\tender-thing\\chaindata","mnemonic":"urge energy movie zebra soccer ensure agent hip rent margin practice ramp","logDirectory":"C:\\Users\\ayush\\Desktop\\project3"}
[2024/05/11 12:43:41.834] - eth_subscribe
[2024/05/11 12:43:41.835] - eth_getLogs
[2024/05/11 12:43:41.836] - eth_subscribe
[2024/05/11 12:43:41.868] - eth_subscribe
[2024/05/11 12:43:41.869] - eth_getLogs
[2024/05/11 12:43:41.870] - eth_subscribe
[2024/05/11 12:43:41.913] - eth_blockNumber
[2024/05/11 12:43:41.914] - eth_accounts
[2024/05/11 12:43:41.915] - eth_gasPrice
[2024/05/11 12:43:41.915] - eth_getBlockByNumber
[2024/05/11 12:43:41.916] - eth_subscribe
[2024/05/11 12:43:41.917] - eth_blockNumber
[2024/05/11 12:43:41.918] - eth_accounts
[2024/05/11 12:43:41.918] - eth_gasPrice
[2024/05/11 12:43:41.919] - eth_getBlockByNumber
[2024/05/11 12:43:41.920] - eth_subscribe
[2024/05/11 12:43:41.930] - eth_accounts
[2024/05/11 12:43:41.961] - eth_getBalance
[2024/05/11 12:43:41.965] - eth_getTransactionCount
[2024/05/11 12:43:41.968] - eth_getBalance
[2024/05/11 12:43:41.972] - eth_getTransactionCount
[2024/05/11 12:43:41.975] - eth_getBalance
[2024/05/11 12:43:41.979] - eth_getTransactionCount
[2024/05/11 12:43:41.983] - eth_getBalance
[2024/05/11 12:43:41.987] - eth_getTransactionCount
[2024/05/11 12:43:41.991] - eth_getBalance
[2024/05/11 12:43:41.995] - eth_getTransactionCount
[2024/05/11 12:43:41.998] - eth_getBalance
[2024/05/11 12:43:42.002] - eth_getTransactionCount
[2024/05/11 12:43:42.006] - eth_getBalance
[2024/05/11 12:43:42.012] - eth_getTransactionCount
[2024/05/11 12:43:42.018] - eth_getBalance
[2024/05/11 12:43:42.021] - eth_getTransactionCount
[2024/05/11 12:43:42.025] - eth_getBalance
[2024/05/11 12:43:42.028] - eth_getTransactionCount
[2024/05/11 12:43:42.031] - eth_getBalance
[2024/05/11 12:43:42.033] - eth_getTransactionCount
[2024/05/11 12:43:42.042] - eth_getBalance
[2024/05/11 12:43:42.044] - eth_getTransactionCount
[2024/05/11 12:43:42.047] - eth_getBalance
[2024/05/11 12:43:42.050] - eth_getTransactionCount
[2024/05/11 12:43:42.052] - eth_getBalance
[2024/05/11 12:43:42.055] - eth_getTransactionCount
[2024/05/11 12:43:42.058] - eth_getBalance
[2024/05/11 12:43:42.061] - eth_getTransactionCount
[2024/05/11 12:43:42.065] - eth_getBalance
[2024/05/11 12:43:42.068] - eth_getTransactionCount
[2024/05/11 12:43:42.072] - eth_getBalance
[2024/05/11 12:43:42.075] - eth_getTransactionCount
[2024/05/11 12:43:42.078] - eth_getBalance
[2024/05/11 12:43:42.081] - eth_getTransactionCount
[2024/05/11 12:43:42.085] - eth_getBalance
[2024/05/11 12:43:42.088] - eth_getTransactionCount
[2024/05/11 12:43:42.091] - eth_getBalance
[2024/05/11 12:43:42.093] - eth_getTransactionCount
[2024/05/11 12:43:42.096] - eth_getBalance
[2024/05/11 12:43:42.099] - eth_getTransactionCount
[2024/05/11 12:43:42.103] - eth_getBalance
[2024/05/11 12:43:42.107] - eth_getTransactionCount
[2024/05/11 12:43:42.110] - eth_getBalance
[2024/05/11 12:43:42.113] - eth_getTransactionCount
[2024/05/11 12:43:42.115] - eth_getBalance
[2024/05/11 12:43:42.118] - eth_getTransactionCount
[2024/05/11 12:43:42.123] - eth_getBalance
[2024/05/11 12:43:42.127] - eth_getTransactionCount
[2024/05/11 12:43:42.130] - eth_getBalance
[2024/05/11 12:43:42.138] - eth_getTransactionCount
[2024/05/11 12:43:42.141] - eth_getBalance
[2024/05/11 12:43:42.146] - eth_getTransactionCount
[2024/05/11 12:43:42.149] - eth_getBalance
[2024/05/11 12:43:42.152] - eth_getTransactionCount
[2024/05/11 12:43:42.156] - eth_getBalance
[2024/05/11 12:43:42.159] - eth_getTransactionCount
[2024/05/11 12:43:42.162] - eth_getBalance
[2024/05/11 12:43:42.165] - eth_getTransactionCount
[2024/05/11 12:43:42.168] - eth_getBalance
[2024/05/11 12:43:42.171] - eth_getTransactionCount
[2024/05/11 12:43:42.236] - eth_getTransactionCount
[2024/05/11 12:43:42.240] - eth_getBalance
[2024/05/11 12:43:42.243] - eth_getTransactionCount
[2024/05/11 12:43:42.247] - eth_getBalance
[2024/05/11 12:43:42.249] - eth_getTransactionCount
[2024/05/11 12:43:42.252] - eth_getBalance
[2024/05/11 12:43:42.255] - eth_getTransactionCount
[2024/05/11 12:43:42.261] - eth_getBalance
[2024/05/11 12:43:42.263] - eth_getTransactionCount
[2024/05/11 12:43:42.266] - eth_getBalance
[2024/05/11 12:43:42.269] - eth_getTransactionCount
[2024/05/11 12:43:42.272] - eth_getBalance
[2024/05/11 12:43:42.275] - eth_getTransactionCount
[2024/05/11 12:43:42.278] - eth_getBalance
[2024/05/11 12:43:42.280] - eth_getTransactionCount
[2024/05/11 12:43:42.284] - eth_getBalance
[2024/05/11 12:43:42.286] - eth_getTransactionCount
[2024/05/11 12:43:42.290] - eth_getBalance
[2024/05/11 12:43:42.293] - eth_getTransactionCount
[2024/05/11 12:43:50.908] - eth_blockNumber
[2024/05/11 12:43:50.932] - net_version
[2024/05/11 12:43:50.937] - eth_accounts
[2024/05/11 12:44:46.624] - web3_clientVersion
[2024/05/11 12:44:46.658] - eth_chainId
[2024/05/11 12:44:46.662] - eth_call
[2024/05/11 12:44:46.671] - eth_getCode
[2024/05/11 12:45:06.884] - web3_clientVersion
[2024/05/11 12:45:06.905] - eth_chainId
[2024/05/11 12:45:06.911] - eth_call
[2024/05/11 12:45:06.923] - eth_getCode
[2024/05/11 12:45:07.475] - web3_clientVersion
[2024/05/11 12:45:07.486] - eth_chainId
[2024/05/11 12:45:07.490] - eth_call
[2024/05/11 12:45:07.499] - eth_getCode
[2024/05/11 12:47:45.187] - eth_unsubscribe
[2024/05/11 12:47:45.188] - eth_unsubscribe
