[2024/05/11 12:20:31.175] - Starting server with initial configuration: {"gasLimit":6721975,"gasPrice":20000000000,"hardfork":"merge","hostname":"127.0.0.1","port":7545,"network_id":5777,"default_balance_ether":100,"total_accounts":10,"unlocked_accounts":[],"locked":false,"vmErrorsOnRPCResponse":true,"verbose":false,"flavor":"ethereum","db_path":"C:\\Users\\ayush\\AppData\\Roaming\\Ganache\\ui\\workspaces\\tender-thing\\chaindata","mnemonic":"urge energy movie zebra soccer ensure agent hip rent margin practice ramp","logDirectory":"C:\\Users\\ayush\\Desktop\\project3"}
[2024/05/11 12:20:31.398] - eth_subscribe
[2024/05/11 12:20:31.402] - eth_getLogs
[2024/05/11 12:20:31.405] - eth_subscribe
[2024/05/11 12:20:31.509] - eth_subscribe
[2024/05/11 12:20:31.511] - eth_getLogs
[2024/05/11 12:20:31.512] - eth_subscribe
[2024/05/11 12:20:31.598] - eth_getBlockByNumber
[2024/05/11 12:20:31.602] - eth_subscribe
[2024/05/11 12:20:31.616] - eth_blockNumber
[2024/05/11 12:20:31.617] - eth_accounts
[2024/05/11 12:20:31.618] - eth_gasPrice
[2024/05/11 12:20:31.652] - eth_getBlockByNumber
[2024/05/11 12:20:31.654] - eth_subscribe
[2024/05/11 12:20:31.656] - eth_blockNumber
[2024/05/11 12:20:31.657] - eth_accounts
[2024/05/11 12:20:31.658] - eth_gasPrice
[2024/05/11 12:20:31.723] - eth_getBalance
[2024/05/11 12:20:31.734] - eth_getTransactionCount
[2024/05/11 12:20:31.742] - eth_getBalance
[2024/05/11 12:20:31.749] - eth_getTransactionCount
[2024/05/11 12:20:31.760] - eth_getBalance
[2024/05/11 12:20:31.769] - eth_getTransactionCount
[2024/05/11 12:20:31.775] - eth_getBalance
[2024/05/11 12:20:31.781] - eth_getTransactionCount
[2024/05/11 12:20:31.788] - eth_getBalance
[2024/05/11 12:20:31.799] - eth_getTransactionCount
[2024/05/11 12:20:31.807] - eth_getBalance
[2024/05/11 12:20:31.815] - eth_getTransactionCount
[2024/05/11 12:20:31.821] - eth_getBalance
[2024/05/11 12:20:31.829] - eth_getTransactionCount
[2024/05/11 12:20:31.837] - eth_getBalance
[2024/05/11 12:20:31.845] - eth_getTransactionCount
[2024/05/11 12:20:31.852] - eth_getBalance
[2024/05/11 12:20:31.858] - eth_getTransactionCount
[2024/05/11 12:20:31.862] - eth_getBalance
[2024/05/11 12:20:31.868] - eth_getTransactionCount
[2024/05/11 12:20:31.874] - eth_getBalance
[2024/05/11 12:20:31.878] - eth_getTransactionCount
[2024/05/11 12:20:31.883] - eth_getBalance
[2024/05/11 12:20:31.888] - eth_getTransactionCount
[2024/05/11 12:20:31.893] - eth_getBalance
[2024/05/11 12:20:31.897] - eth_getTransactionCount
[2024/05/11 12:20:31.904] - eth_getBalance
[2024/05/11 12:20:31.909] - eth_getTransactionCount
[2024/05/11 12:20:31.914] - eth_getBalance
[2024/05/11 12:20:31.919] - eth_getTransactionCount
[2024/05/11 12:20:31.924] - eth_getBalance
[2024/05/11 12:20:31.929] - eth_getTransactionCount
[2024/05/11 12:20:31.935] - eth_getBalance
[2024/05/11 12:20:31.941] - eth_getTransactionCount
[2024/05/11 12:20:31.946] - eth_getBalance
[2024/05/11 12:20:31.953] - eth_getTransactionCount
[2024/05/11 12:20:31.958] - eth_getBalance
[2024/05/11 12:20:31.962] - eth_getTransactionCount
[2024/05/11 12:20:31.969] - eth_getBalance
[2024/05/11 12:20:31.976] - eth_getTransactionCount
[2024/05/11 12:20:32.039] - eth_getBalance
[2024/05/11 12:20:32.043] - eth_getTransactionCount
[2024/05/11 12:20:32.047] - eth_getBalance
[2024/05/11 12:20:32.057] - eth_getTransactionCount
[2024/05/11 12:20:32.063] - eth_getBalance
[2024/05/11 12:20:32.068] - eth_getTransactionCount
[2024/05/11 12:20:32.074] - eth_getBalance
[2024/05/11 12:20:32.080] - eth_getTransactionCount
[2024/05/11 12:20:32.087] - eth_getBalance
[2024/05/11 12:20:32.091] - eth_getTransactionCount
[2024/05/11 12:20:32.095] - eth_getBalance
[2024/05/11 12:20:32.101] - eth_getTransactionCount
[2024/05/11 12:20:32.107] - eth_getBalance
[2024/05/11 12:20:32.113] - eth_getTransactionCount
[2024/05/11 12:20:32.120] - eth_getBalance
[2024/05/11 12:20:32.125] - eth_getTransactionCount
[2024/05/11 12:20:32.137] - eth_getBalance
[2024/05/11 12:20:32.141] - eth_getTransactionCount
[2024/05/11 12:20:32.146] - eth_getBalance
[2024/05/11 12:20:32.153] - eth_getTransactionCount
[2024/05/11 12:20:32.159] - eth_getBalance
[2024/05/11 12:20:32.164] - eth_getTransactionCount
[2024/05/11 12:20:32.169] - eth_getBalance
[2024/05/11 12:20:32.177] - eth_getTransactionCount
[2024/05/11 12:20:32.182] - eth_getBalance
[2024/05/11 12:20:32.193] - eth_getTransactionCount
[2024/05/11 12:20:32.199] - eth_getBalance
[2024/05/11 12:20:32.208] - eth_getTransactionCount
[2024/05/11 12:20:32.214] - eth_getBalance
[2024/05/11 12:20:32.225] - eth_getTransactionCount
[2024/05/11 12:20:32.230] - eth_getBalance
[2024/05/11 12:20:32.237] - eth_getTransactionCount
[2024/05/11 12:20:32.243] - eth_getBalance
[2024/05/11 12:20:32.249] - eth_getTransactionCount
[2024/05/11 12:20:32.256] - eth_getBalance
[2024/05/11 12:20:32.265] - eth_getTransactionCount
[2024/05/11 12:20:32.273] - eth_getBalance
[2024/05/11 12:20:32.281] - eth_getTransactionCount
[2024/05/11 12:20:32.309] - eth_getBalance
[2024/05/11 12:20:32.319] - eth_getTransactionCount
[2024/05/11 12:21:10.274] - web3_clientVersion
[2024/05/11 12:21:10.295] - eth_chainId
[2024/05/11 12:21:10.299] - eth_call
[2024/05/11 12:21:10.313] - eth_getCode
[2024/05/11 12:21:25.267] - web3_clientVersion
[2024/05/11 12:21:25.287] - eth_chainId
[2024/05/11 12:21:25.292] - eth_call
[2024/05/11 12:21:25.301] - eth_getCode
[2024/05/11 12:21:32.477] - web3_clientVersion
[2024/05/11 12:21:32.496] - eth_chainId
[2024/05/11 12:21:32.502] - eth_call
[2024/05/11 12:21:32.513] - eth_getCode
[2024/05/11 12:21:32.698] - web3_clientVersion
[2024/05/11 12:21:32.711] - eth_chainId
[2024/05/11 12:21:32.714] - eth_call
[2024/05/11 12:21:32.723] - eth_getCode
[2024/05/11 12:21:32.730] - eth_accounts
[2024/05/11 12:21:32.737] - eth_getBlockByNumber
[2024/05/11 12:21:32.742] - eth_chainId
[2024/05/11 12:21:32.747] - eth_chainId
[2024/05/11 12:21:32.753] - eth_estimateGas
[2024/05/11 12:21:32.777] - eth_blockNumber
[2024/05/11 12:21:32.782] - eth_getBlockByNumber
[2024/05/11 12:21:32.787] - eth_sendTransaction
[2024/05/11 12:21:32.817] - 
  Transaction: 0xed341379acc8971cd83d12a315c6c5f45335a2eab2b481391a0c5c6d8521f64e
  Gas usage: 21712
  Block number: 12
  Block time: Sat May 11 2024 12:21:32 GMT+0530 (India Standard Time)

[2024/05/11 12:21:32.828] - eth_getBlockByNumber
[2024/05/11 12:21:32.851] - eth_getBalance
[2024/05/11 12:21:32.860] - eth_getTransactionCount
[2024/05/11 12:21:32.867] - eth_getBalance
[2024/05/11 12:21:32.876] - eth_getTransactionCount
[2024/05/11 12:21:32.882] - eth_getBalance
[2024/05/11 12:21:32.891] - eth_getTransactionCount
[2024/05/11 12:21:32.899] - eth_getBalance
[2024/05/11 12:21:32.908] - eth_getTransactionCount
[2024/05/11 12:21:32.918] - eth_getBalance
[2024/05/11 12:21:32.926] - eth_getTransactionCount
[2024/05/11 12:21:32.934] - eth_getBalance
[2024/05/11 12:21:32.941] - eth_getTransactionCount
[2024/05/11 12:21:32.947] - eth_getBalance
[2024/05/11 12:21:32.952] - eth_getTransactionCount
[2024/05/11 12:21:32.959] - eth_getBalance
[2024/05/11 12:21:32.964] - eth_getTransactionCount
[2024/05/11 12:21:32.968] - eth_getBalance
[2024/05/11 12:21:32.973] - eth_getTransactionCount
[2024/05/11 12:21:32.978] - eth_getBalance
[2024/05/11 12:21:32.982] - eth_getTransactionCount
[2024/05/11 12:21:46.340] - web3_clientVersion
[2024/05/11 12:21:46.361] - eth_chainId
[2024/05/11 12:21:46.364] - eth_call
[2024/05/11 12:21:46.371] - eth_getCode
[2024/05/11 12:21:46.542] - web3_clientVersion
[2024/05/11 12:21:46.565] - eth_chainId
[2024/05/11 12:21:46.569] - eth_call
[2024/05/11 12:21:46.580] - eth_getCode
[2024/05/11 12:21:46.590] - eth_accounts
[2024/05/11 12:21:46.596] - eth_getBlockByNumber
[2024/05/11 12:21:46.600] - eth_chainId
[2024/05/11 12:21:46.607] - eth_chainId
[2024/05/11 12:21:46.613] - eth_estimateGas
[2024/05/11 12:21:46.628] - eth_blockNumber
[2024/05/11 12:21:46.631] - eth_getBlockByNumber
[2024/05/11 12:21:46.638] - eth_sendTransaction
[2024/05/11 12:21:46.645] - 
  Transaction: 0x2989f9a196112b291a2f4374755916385b1b15f871dce0ac632871942cf40a3d
  Gas usage: 21724
  Block number: 13
  Block time: Sat May 11 2024 12:21:46 GMT+0530 (India Standard Time)

[2024/05/11 12:21:46.649] - eth_getBlockByNumber
[2024/05/11 12:21:46.658] - eth_getBalance
[2024/05/11 12:21:46.662] - eth_getTransactionCount
[2024/05/11 12:21:46.666] - eth_getBalance
[2024/05/11 12:21:46.671] - eth_getTransactionCount
[2024/05/11 12:21:46.678] - eth_getBalance
[2024/05/11 12:21:46.685] - eth_getTransactionCount
[2024/05/11 12:21:46.692] - eth_getBalance
[2024/05/11 12:21:46.696] - eth_getTransactionCount
[2024/05/11 12:21:46.700] - eth_getBalance
[2024/05/11 12:21:46.705] - eth_getTransactionCount
[2024/05/11 12:21:46.709] - eth_getBalance
[2024/05/11 12:21:46.712] - eth_getTransactionCount
[2024/05/11 12:21:46.716] - eth_getBalance
[2024/05/11 12:21:46.722] - eth_getTransactionCount
[2024/05/11 12:21:46.728] - eth_getBalance
[2024/05/11 12:21:46.733] - eth_getTransactionCount
[2024/05/11 12:21:46.739] - eth_getBalance
[2024/05/11 12:21:46.744] - eth_getTransactionCount
[2024/05/11 12:21:46.749] - eth_getBalance
[2024/05/11 12:21:46.752] - eth_getTransactionCount
[2024/05/11 12:21:53.805] - web3_clientVersion
[2024/05/11 12:21:53.824] - eth_chainId
[2024/05/11 12:21:53.829] - eth_call
[2024/05/11 12:21:53.840] - eth_getCode
[2024/05/11 12:21:55.863] - web3_clientVersion
[2024/05/11 12:21:55.878] - eth_chainId
[2024/05/11 12:21:55.885] - eth_call
[2024/05/11 12:21:55.900] - eth_getCode
[2024/05/11 12:21:55.913] - eth_accounts
[2024/05/11 12:21:55.923] - eth_getBlockByNumber
[2024/05/11 12:21:55.927] - eth_chainId
[2024/05/11 12:21:55.935] - eth_chainId
[2024/05/11 12:21:55.940] - eth_estimateGas
[2024/05/11 12:21:55.953] - eth_blockNumber
[2024/05/11 12:21:55.958] - eth_getBlockByNumber
[2024/05/11 12:21:55.964] - eth_sendTransaction
[2024/05/11 12:21:55.972] - 
  Transaction: 0xb1fe27d9549e561ff4f0372588c0f8d8951ba47e6ec512622f745d829e765274
  Gas usage: 21052
  Block number: 14
  Block time: Sat May 11 2024 12:21:55 GMT+0530 (India Standard Time)

[2024/05/11 12:21:55.976] - eth_getBlockByNumber
[2024/05/11 12:21:55.984] - eth_getBalance
[2024/05/11 12:21:55.991] - eth_getTransactionCount
[2024/05/11 12:21:55.996] - eth_getBalance
[2024/05/11 12:21:56.000] - eth_getTransactionCount
[2024/05/11 12:21:56.004] - eth_getBalance
[2024/05/11 12:21:56.010] - eth_getTransactionCount
[2024/05/11 12:21:56.015] - eth_getBalance
[2024/05/11 12:21:56.019] - eth_getTransactionCount
[2024/05/11 12:21:56.026] - eth_getBalance
[2024/05/11 12:21:56.031] - eth_getTransactionCount
[2024/05/11 12:21:56.035] - eth_getBalance
[2024/05/11 12:21:56.040] - eth_getTransactionCount
[2024/05/11 12:21:56.045] - eth_getBalance
[2024/05/11 12:21:56.050] - eth_getTransactionCount
[2024/05/11 12:21:56.057] - eth_getBalance
[2024/05/11 12:21:56.060] - eth_getTransactionCount
[2024/05/11 12:21:56.064] - eth_getBalance
[2024/05/11 12:21:56.068] - eth_getTransactionCount
[2024/05/11 12:21:56.074] - eth_getBalance
[2024/05/11 12:21:56.079] - eth_getTransactionCount
[2024/05/11 12:31:02.445] - web3_clientVersion
[2024/05/11 12:31:02.478] - eth_chainId
[2024/05/11 12:31:02.486] - eth_call
[2024/05/11 12:31:02.530] - eth_getCode
[2024/05/11 12:31:08.704] - web3_clientVersion
[2024/05/11 12:31:08.752] - eth_chainId
[2024/05/11 12:31:08.757] - eth_call
[2024/05/11 12:31:08.768] - eth_getCode
[2024/05/11 12:34:25.803] - eth_blockNumber
[2024/05/11 12:34:25.824] - net_version
[2024/05/11 12:34:25.834] - eth_accounts
[2024/05/11 12:34:25.863] - eth_accounts
[2024/05/11 12:34:33.666] - net_version
[2024/05/11 12:34:33.675] - eth_getBlockByNumber
[2024/05/11 12:43:41.428] - eth_unsubscribe
[2024/05/11 12:43:41.432] - eth_unsubscribe
