[2024/05/10 11:08:20.351] - Starting server with initial configuration: {"gasLimit":6721975,"gasPrice":20000000000,"hardfork":"merge","hostname":"127.0.0.1","port":7545,"network_id":5777,"default_balance_ether":100,"total_accounts":10,"unlocked_accounts":[],"locked":false,"vmErrorsOnRPCResponse":true,"verbose":false,"flavor":"ethereum","db_path":"C:\\Users\\ayush\\AppData\\Roaming\\Ganache\\ui\\workspaces\\tender-thing\\chaindata","mnemonic":"urge energy movie zebra soccer ensure agent hip rent margin practice ramp","logDirectory":"C:\\Users\\ayush\\Desktop\\project3"}
[2024/05/10 11:08:20.473] - eth_subscribe
[2024/05/10 11:08:20.477] - eth_getLogs
[2024/05/10 11:08:20.481] - eth_subscribe
[2024/05/10 11:08:20.500] - eth_subscribe
[2024/05/10 11:08:20.502] - eth_getLogs
[2024/05/10 11:08:20.503] - eth_subscribe
[2024/05/10 11:08:20.511] - eth_getBlockByNumber
[2024/05/10 11:08:20.512] - eth_subscribe
[2024/05/10 11:08:20.523] - eth_blockNumber
[2024/05/10 11:08:20.524] - eth_accounts
[2024/05/10 11:08:20.525] - eth_gasPrice
[2024/05/10 11:08:20.526] - eth_getBlockByNumber
[2024/05/10 11:08:20.527] - eth_subscribe
[2024/05/10 11:08:20.531] - eth_blockNumber
[2024/05/10 11:08:20.532] - eth_accounts
[2024/05/10 11:08:20.533] - eth_gasPrice
[2024/05/10 11:08:20.537] - eth_accounts
[2024/05/10 11:08:20.547] - eth_getBalance
[2024/05/10 11:08:20.550] - eth_getTransactionCount
[2024/05/10 11:08:20.552] - eth_getBalance
[2024/05/10 11:08:20.555] - eth_getTransactionCount
[2024/05/10 11:08:20.557] - eth_getBalance
[2024/05/10 11:08:20.559] - eth_getTransactionCount
[2024/05/10 11:08:20.561] - eth_getBalance
[2024/05/10 11:08:20.564] - eth_getTransactionCount
[2024/05/10 11:08:20.568] - eth_getBalance
[2024/05/10 11:08:20.571] - eth_getTransactionCount
[2024/05/10 11:08:20.572] - eth_getBalance
[2024/05/10 11:08:20.574] - eth_getTransactionCount
[2024/05/10 11:08:20.577] - eth_getBalance
[2024/05/10 11:08:20.579] - eth_getTransactionCount
[2024/05/10 11:08:20.582] - eth_getBalance
[2024/05/10 11:08:20.584] - eth_getTransactionCount
[2024/05/10 11:08:20.587] - eth_getBalance
[2024/05/10 11:08:20.589] - eth_getTransactionCount
[2024/05/10 11:08:20.591] - eth_getBalance
[2024/05/10 11:08:20.594] - eth_getTransactionCount
[2024/05/10 11:08:20.624] - eth_getBalance
[2024/05/10 11:08:20.629] - eth_getTransactionCount
[2024/05/10 11:08:20.633] - eth_getBalance
[2024/05/10 11:08:20.635] - eth_getTransactionCount
[2024/05/10 11:08:20.637] - eth_getBalance
[2024/05/10 11:08:20.642] - eth_getTransactionCount
[2024/05/10 11:08:20.645] - eth_getBalance
[2024/05/10 11:08:20.648] - eth_getTransactionCount
[2024/05/10 11:08:20.650] - eth_getBalance
[2024/05/10 11:08:20.653] - eth_getTransactionCount
[2024/05/10 11:08:20.656] - eth_getBalance
[2024/05/10 11:08:20.659] - eth_getTransactionCount
[2024/05/10 11:08:20.661] - eth_getBalance
[2024/05/10 11:08:20.664] - eth_getTransactionCount
[2024/05/10 11:08:20.666] - eth_getBalance
[2024/05/10 11:08:20.668] - eth_getTransactionCount
[2024/05/10 11:08:20.670] - eth_getBalance
[2024/05/10 11:08:20.672] - eth_getTransactionCount
[2024/05/10 11:08:20.674] - eth_getBalance
[2024/05/10 11:08:20.677] - eth_getTransactionCount
[2024/05/10 11:08:20.678] - eth_getBalance
[2024/05/10 11:08:20.682] - eth_getTransactionCount
[2024/05/10 11:08:20.683] - eth_getBalance
[2024/05/10 11:08:20.684] - eth_getTransactionCount
[2024/05/10 11:08:20.687] - eth_getBalance
[2024/05/10 11:08:20.688] - eth_getTransactionCount
[2024/05/10 11:08:20.691] - eth_getBalance
[2024/05/10 11:08:20.694] - eth_getTransactionCount
[2024/05/10 11:08:20.695] - eth_getBalance
[2024/05/10 11:08:20.697] - eth_getTransactionCount
[2024/05/10 11:08:20.699] - eth_getBalance
[2024/05/10 11:08:20.701] - eth_getTransactionCount
[2024/05/10 11:08:20.704] - eth_getBalance
[2024/05/10 11:08:20.706] - eth_getTransactionCount
[2024/05/10 11:08:20.708] - eth_getBalance
[2024/05/10 11:08:20.710] - eth_getTransactionCount
[2024/05/10 11:08:20.711] - eth_getBalance
[2024/05/10 11:08:20.713] - eth_getTransactionCount
[2024/05/10 11:08:20.714] - eth_getBalance
[2024/05/10 11:08:20.716] - eth_getTransactionCount
[2024/05/10 11:08:20.718] - eth_getBalance
[2024/05/10 11:08:20.719] - eth_getTransactionCount
[2024/05/10 11:08:20.721] - eth_getBalance
[2024/05/10 11:08:20.722] - eth_getTransactionCount
[2024/05/10 11:08:20.724] - eth_getBalance
[2024/05/10 11:08:20.726] - eth_getTransactionCount
[2024/05/10 11:08:20.728] - eth_getBalance
[2024/05/10 11:08:20.729] - eth_getTransactionCount
[2024/05/10 11:08:20.731] - eth_getBalance
[2024/05/10 11:08:20.732] - eth_getTransactionCount
[2024/05/10 11:08:20.734] - eth_getBalance
[2024/05/10 11:08:20.735] - eth_getTransactionCount
[2024/05/10 11:08:20.737] - eth_getBalance
[2024/05/10 11:08:20.739] - eth_getTransactionCount
[2024/05/10 11:08:20.740] - eth_getBalance
[2024/05/10 11:08:20.742] - eth_getTransactionCount
[2024/05/10 11:08:20.744] - eth_getBalance
[2024/05/10 11:08:20.745] - eth_getTransactionCount
[2024/05/10 11:08:20.748] - eth_getBalance
[2024/05/10 11:08:20.749] - eth_getTransactionCount
[2024/05/10 11:09:06.598] - eth_chainId
[2024/05/10 11:09:06.603] - eth_call
[2024/05/10 11:09:06.610] - eth_getCode
[2024/05/10 11:09:22.664] - eth_chainId
[2024/05/10 11:09:22.670] - eth_call
[2024/05/10 11:09:22.679] - eth_getCode
[2024/05/10 11:10:29.880] - eth_chainId
[2024/05/10 11:10:29.885] - eth_call
[2024/05/10 11:10:29.897] - eth_getCode
[2024/05/10 11:10:40.267] - eth_chainId
[2024/05/10 11:10:40.274] - eth_call
[2024/05/10 11:10:40.285] - eth_getCode
[2024/05/10 11:16:15.321] - eth_chainId
[2024/05/10 11:16:15.326] - eth_call
[2024/05/10 11:16:15.339] - eth_getCode
[2024/05/10 11:16:47.111] - eth_unsubscribe
[2024/05/10 11:16:47.114] - eth_unsubscribe
