[2024/05/10 11:16:47.302] - Starting server with initial configuration: {"gasLimit":6721975,"gasPrice":20000000000,"hardfork":"merge","hostname":"127.0.0.1","port":7545,"network_id":5777,"default_balance_ether":100,"total_accounts":10,"unlocked_accounts":[],"locked":false,"vmErrorsOnRPCResponse":true,"verbose":false,"flavor":"ethereum","db_path":"C:\\Users\\ayush\\AppData\\Roaming\\Ganache\\ui\\workspaces\\tender-thing\\chaindata","mnemonic":"urge energy movie zebra soccer ensure agent hip rent margin practice ramp","logDirectory":"C:\\Users\\ayush\\Desktop\\project3"}
[2024/05/10 11:16:47.480] - eth_subscribe
[2024/05/10 11:16:47.482] - eth_getLogs
[2024/05/10 11:16:47.483] - eth_subscribe
[2024/05/10 11:16:47.492] - eth_subscribe
[2024/05/10 11:16:47.494] - eth_getLogs
[2024/05/10 11:16:47.497] - eth_subscribe
[2024/05/10 11:16:47.527] - eth_blockNumber
[2024/05/10 11:16:47.529] - eth_accounts
[2024/05/10 11:16:47.530] - eth_gasPrice
[2024/05/10 11:16:47.531] - eth_getBlockByNumber
[2024/05/10 11:16:47.532] - eth_subscribe
[2024/05/10 11:16:47.534] - eth_blockNumber
[2024/05/10 11:16:47.535] - eth_accounts
[2024/05/10 11:16:47.536] - eth_gasPrice
[2024/05/10 11:16:47.537] - eth_getBlockByNumber
[2024/05/10 11:16:47.538] - eth_subscribe
[2024/05/10 11:16:47.545] - eth_accounts
[2024/05/10 11:16:47.569] - eth_getBalance
[2024/05/10 11:16:47.572] - eth_getTransactionCount
[2024/05/10 11:16:47.575] - eth_getBalance
[2024/05/10 11:16:47.578] - eth_getTransactionCount
[2024/05/10 11:16:47.581] - eth_getBalance
[2024/05/10 11:16:47.585] - eth_getTransactionCount
[2024/05/10 11:16:47.588] - eth_getBalance
[2024/05/10 11:16:47.590] - eth_getTransactionCount
[2024/05/10 11:16:47.593] - eth_getBalance
[2024/05/10 11:16:47.597] - eth_getTransactionCount
[2024/05/10 11:16:47.600] - eth_getBalance
[2024/05/10 11:16:47.604] - eth_getTransactionCount
[2024/05/10 11:16:47.606] - eth_getBalance
[2024/05/10 11:16:47.609] - eth_getTransactionCount
[2024/05/10 11:16:47.613] - eth_getBalance
[2024/05/10 11:16:47.617] - eth_getTransactionCount
[2024/05/10 11:16:47.620] - eth_getBalance
[2024/05/10 11:16:47.623] - eth_getTransactionCount
[2024/05/10 11:16:47.626] - eth_getBalance
[2024/05/10 11:16:47.629] - eth_getTransactionCount
[2024/05/10 11:16:47.637] - eth_getBalance
[2024/05/10 11:16:47.643] - eth_getTransactionCount
[2024/05/10 11:16:47.648] - eth_getBalance
[2024/05/10 11:16:47.651] - eth_getTransactionCount
[2024/05/10 11:16:47.654] - eth_getBalance
[2024/05/10 11:16:47.657] - eth_getTransactionCount
[2024/05/10 11:16:47.660] - eth_getBalance
[2024/05/10 11:16:47.663] - eth_getTransactionCount
[2024/05/10 11:16:47.666] - eth_getBalance
[2024/05/10 11:16:47.669] - eth_getTransactionCount
[2024/05/10 11:16:47.672] - eth_getBalance
[2024/05/10 11:16:47.675] - eth_getTransactionCount
[2024/05/10 11:16:47.678] - eth_getBalance
[2024/05/10 11:16:47.681] - eth_getTransactionCount
[2024/05/10 11:16:47.684] - eth_getBalance
[2024/05/10 11:16:47.687] - eth_getTransactionCount
[2024/05/10 11:16:47.690] - eth_getBalance
[2024/05/10 11:16:47.695] - eth_getTransactionCount
[2024/05/10 11:16:47.698] - eth_getBalance
[2024/05/10 11:16:47.701] - eth_getTransactionCount
[2024/05/10 11:16:47.705] - eth_getBalance
[2024/05/10 11:16:47.710] - eth_getTransactionCount
[2024/05/10 11:16:47.715] - eth_getBalance
[2024/05/10 11:16:47.719] - eth_getTransactionCount
[2024/05/10 11:16:47.724] - eth_getBalance
[2024/05/10 11:16:47.729] - eth_getTransactionCount
[2024/05/10 11:16:47.735] - eth_getBalance
[2024/05/10 11:16:47.738] - eth_getTransactionCount
[2024/05/10 11:16:47.741] - eth_getBalance
[2024/05/10 11:16:47.745] - eth_getTransactionCount
[2024/05/10 11:16:47.749] - eth_getBalance
[2024/05/10 11:16:47.752] - eth_getTransactionCount
[2024/05/10 11:16:47.755] - eth_getBalance
[2024/05/10 11:16:47.759] - eth_getTransactionCount
[2024/05/10 11:16:47.762] - eth_getBalance
[2024/05/10 11:16:47.767] - eth_getTransactionCount
[2024/05/10 11:16:47.769] - eth_getBalance
[2024/05/10 11:16:47.772] - eth_getTransactionCount
[2024/05/10 11:16:47.778] - eth_getBalance
[2024/05/10 11:16:47.782] - eth_getTransactionCount
[2024/05/10 11:16:47.821] - eth_getBalance
[2024/05/10 11:16:47.823] - eth_getTransactionCount
[2024/05/10 11:16:47.826] - eth_getBalance
[2024/05/10 11:16:47.829] - eth_getTransactionCount
[2024/05/10 11:16:47.832] - eth_getBalance
[2024/05/10 11:16:47.835] - eth_getTransactionCount
[2024/05/10 11:16:47.839] - eth_getBalance
[2024/05/10 11:16:47.842] - eth_getTransactionCount
[2024/05/10 11:16:47.844] - eth_getBalance
[2024/05/10 11:16:47.847] - eth_getTransactionCount
[2024/05/10 11:16:47.850] - eth_getBalance
[2024/05/10 11:16:47.853] - eth_getTransactionCount
[2024/05/10 11:16:47.856] - eth_getBalance
[2024/05/10 11:16:47.859] - eth_getTransactionCount
[2024/05/10 11:16:47.862] - eth_getBalance
[2024/05/10 11:16:47.865] - eth_getTransactionCount
[2024/05/10 11:16:47.868] - eth_getBalance
[2024/05/10 11:16:47.871] - eth_getTransactionCount
[2024/05/10 11:16:47.874] - eth_getBalance
[2024/05/10 11:16:47.877] - eth_getTransactionCount
[2024/05/10 11:16:57.664] - eth_chainId
[2024/05/10 11:16:57.669] - eth_call
[2024/05/10 11:16:57.679] - eth_getCode
[2024/05/10 11:19:56.551] - eth_chainId
[2024/05/10 11:19:56.556] - eth_call
[2024/05/10 11:19:56.570] - eth_getCode
[2024/05/10 11:25:11.418] - eth_chainId
[2024/05/10 11:25:11.423] - eth_call
[2024/05/10 11:25:11.435] - eth_getCode
[2024/05/10 11:27:20.956] - eth_chainId
[2024/05/10 11:27:20.971] - eth_call
[2024/05/10 11:27:20.991] - eth_getCode
[2024/05/10 11:53:50.260] - eth_chainId
[2024/05/10 11:53:50.276] - eth_call
[2024/05/10 11:53:50.300] - eth_getCode
[2024/05/10 11:54:44.549] - eth_chainId
[2024/05/10 11:54:44.556] - eth_call
[2024/05/10 11:54:44.567] - eth_getCode
[2024/05/10 11:55:46.315] - eth_chainId
[2024/05/10 11:55:46.321] - eth_call
[2024/05/10 11:55:46.335] - eth_getCode
[2024/05/10 15:29:22.307] - eth_chainId
[2024/05/10 15:29:22.327] - eth_call
[2024/05/10 15:29:22.394] - eth_getCode
[2024/05/10 15:33:28.654] - eth_chainId
[2024/05/10 15:33:28.661] - eth_call
[2024/05/10 15:33:28.673] - eth_getCode
[2024/05/10 15:36:09.674] - eth_chainId
[2024/05/10 15:36:09.680] - eth_call
[2024/05/10 15:36:09.694] - eth_getCode
[2024/05/10 15:37:56.118] - eth_chainId
[2024/05/10 15:37:56.122] - eth_call
[2024/05/10 15:37:56.132] - eth_getCode
[2024/05/10 15:43:12.149] - eth_chainId
[2024/05/10 15:43:12.153] - eth_call
[2024/05/10 15:43:12.161] - eth_getCode
[2024/05/10 15:43:30.922] - eth_chainId
[2024/05/10 15:43:30.931] - eth_call
[2024/05/10 15:43:30.940] - eth_getCode
[2024/05/10 15:43:38.649] - eth_chainId
[2024/05/10 15:43:38.654] - eth_call
[2024/05/10 15:43:38.663] - eth_getCode
[2024/05/10 15:43:41.599] - eth_chainId
[2024/05/10 15:43:41.604] - eth_call
[2024/05/10 15:43:41.611] - eth_getCode
[2024/05/10 15:43:44.103] - eth_chainId
[2024/05/10 15:43:44.107] - eth_call
[2024/05/10 15:43:44.116] - eth_getCode
[2024/05/10 15:43:51.001] - eth_chainId
[2024/05/10 15:43:51.005] - eth_call
[2024/05/10 15:43:51.013] - eth_getCode
[2024/05/10 15:45:30.039] - eth_chainId
[2024/05/10 15:45:30.043] - eth_call
[2024/05/10 15:45:30.052] - eth_getCode
[2024/05/10 15:50:03.846] - eth_chainId
[2024/05/10 15:50:03.850] - eth_call
[2024/05/10 15:50:03.856] - eth_getCode
[2024/05/10 15:50:13.805] - eth_chainId
[2024/05/10 15:50:13.809] - eth_call
[2024/05/10 15:50:13.819] - eth_getCode
[2024/05/10 15:50:19.130] - eth_chainId
[2024/05/10 15:50:19.136] - eth_call
[2024/05/10 15:50:19.154] - eth_getCode
[2024/05/10 15:50:19.332] - eth_chainId
[2024/05/10 15:50:19.338] - eth_call
[2024/05/10 15:50:19.355] - eth_getCode
[2024/05/10 15:50:42.473] - eth_chainId
[2024/05/10 15:50:42.480] - eth_call
[2024/05/10 15:50:42.490] - eth_getCode
[2024/05/10 15:50:42.691] - eth_chainId
[2024/05/10 15:50:42.700] - eth_call
[2024/05/10 15:50:42.713] - eth_getCode
[2024/05/10 15:50:42.729] - eth_getBlockByNumber
[2024/05/10 15:50:42.737] - eth_chainId
[2024/05/10 15:50:42.745] - eth_chainId
[2024/05/10 15:50:42.751] - eth_estimateGas
[2024/05/10 15:50:42.831] - eth_blockNumber
[2024/05/10 15:50:42.836] - eth_getBlockByNumber
[2024/05/10 15:50:42.845] - eth_sendTransaction
[2024/05/10 15:53:14.846] - eth_chainId
[2024/05/10 15:53:14.851] - eth_call
[2024/05/10 15:53:14.860] - eth_getCode
[2024/05/10 15:53:20.051] - eth_chainId
[2024/05/10 15:53:20.057] - eth_call
[2024/05/10 15:53:20.070] - eth_getCode
[2024/05/10 15:53:33.186] - eth_chainId
[2024/05/10 15:53:33.193] - eth_call
[2024/05/10 15:53:33.203] - eth_getCode
[2024/05/10 15:53:33.404] - eth_chainId
[2024/05/10 15:53:33.413] - eth_call
[2024/05/10 15:53:33.422] - eth_getCode
[2024/05/10 15:53:33.435] - eth_getBlockByNumber
[2024/05/10 15:53:33.441] - eth_chainId
[2024/05/10 15:53:33.448] - eth_chainId
[2024/05/10 15:53:33.457] - eth_estimateGas
[2024/05/10 15:53:33.479] - eth_blockNumber
[2024/05/10 15:53:33.483] - eth_getBlockByNumber
[2024/05/10 15:53:33.488] - eth_sendTransaction
[2024/05/10 15:55:06.275] - eth_chainId
[2024/05/10 15:55:06.282] - eth_call
[2024/05/10 15:55:06.292] - eth_getCode
[2024/05/10 15:55:12.043] - eth_chainId
[2024/05/10 15:55:12.050] - eth_call
[2024/05/10 15:55:12.060] - eth_getCode
[2024/05/10 15:55:22.859] - eth_chainId
[2024/05/10 15:55:22.864] - eth_call
[2024/05/10 15:55:22.878] - eth_getCode
[2024/05/10 15:55:23.096] - eth_chainId
[2024/05/10 15:55:23.102] - eth_call
[2024/05/10 15:55:23.109] - eth_getCode
[2024/05/10 15:55:23.118] - eth_accounts
[2024/05/10 15:55:23.124] - eth_getBlockByNumber
[2024/05/10 15:55:23.130] - eth_chainId
[2024/05/10 15:55:23.135] - eth_chainId
[2024/05/10 15:55:23.139] - eth_estimateGas
[2024/05/10 15:55:23.155] - eth_blockNumber
[2024/05/10 15:55:23.158] - eth_getBlockByNumber
[2024/05/10 15:55:23.165] - eth_sendTransaction
[2024/05/10 15:55:23.247] - 
  Transaction: 0xca0746a231a3df36833cecc5615f36f1e6bfd2b6285480c233a832aa491e29ee
  Gas usage: 21712
  Block number: 1
  Block time: Fri May 10 2024 15:55:23 GMT+0530 (India Standard Time)

[2024/05/10 15:55:23.348] - eth_getBlockByNumber
[2024/05/10 15:55:23.353] - eth_getBalance
[2024/05/10 15:55:23.360] - eth_getTransactionCount
[2024/05/10 15:55:23.371] - eth_getBalance
[2024/05/10 15:55:23.379] - eth_getTransactionCount
[2024/05/10 15:55:23.385] - eth_getBalance
[2024/05/10 15:55:23.391] - eth_getTransactionCount
[2024/05/10 15:55:23.399] - eth_getBalance
[2024/05/10 15:55:23.406] - eth_getTransactionCount
[2024/05/10 15:55:23.413] - eth_getBalance
[2024/05/10 15:55:23.425] - eth_getTransactionCount
[2024/05/10 15:55:23.439] - eth_getBalance
[2024/05/10 15:55:23.446] - eth_getTransactionCount
[2024/05/10 15:55:23.468] - eth_getBalance
[2024/05/10 15:55:23.481] - eth_getTransactionCount
[2024/05/10 15:55:23.490] - eth_getBalance
[2024/05/10 15:55:23.503] - eth_getTransactionCount
[2024/05/10 15:55:23.515] - eth_getBalance
[2024/05/10 15:55:23.537] - eth_getTransactionCount
[2024/05/10 15:55:23.546] - eth_getBalance
[2024/05/10 15:55:23.555] - eth_getTransactionCount
[2024/05/10 15:55:52.331] - eth_chainId
[2024/05/10 15:55:52.339] - eth_call
[2024/05/10 15:55:52.348] - eth_getCode
[2024/05/10 15:58:20.358] - eth_chainId
[2024/05/10 15:58:20.363] - eth_call
[2024/05/10 15:58:20.374] - eth_getCode
[2024/05/10 15:58:26.483] - eth_chainId
[2024/05/10 15:58:26.488] - eth_call
[2024/05/10 15:58:26.500] - eth_getCode
[2024/05/10 15:58:28.994] - eth_chainId
[2024/05/10 15:58:28.999] - eth_call
[2024/05/10 15:58:29.008] - eth_getCode
[2024/05/10 15:58:29.021] - eth_getBlockByNumber
[2024/05/10 15:58:29.026] - eth_chainId
[2024/05/10 15:58:29.032] - eth_chainId
[2024/05/10 15:58:29.037] - eth_estimateGas
[2024/05/10 15:58:29.054] - eth_blockNumber
[2024/05/10 15:58:29.058] - eth_getBlockByNumber
[2024/05/10 15:58:29.067] - eth_sendTransaction
[2024/05/10 15:59:18.737] - eth_chainId
[2024/05/10 15:59:18.743] - eth_call
[2024/05/10 15:59:18.755] - eth_getCode
[2024/05/10 15:59:24.266] - eth_chainId
[2024/05/10 15:59:24.270] - eth_call
[2024/05/10 15:59:24.279] - eth_getCode
[2024/05/10 15:59:27.098] - eth_chainId
[2024/05/10 15:59:27.103] - eth_call
[2024/05/10 15:59:27.110] - eth_getCode
[2024/05/10 15:59:27.124] - eth_accounts
[2024/05/10 16:00:15.441] - eth_chainId
[2024/05/10 16:00:15.447] - eth_call
[2024/05/10 16:00:15.457] - eth_getCode
[2024/05/10 16:00:19.087] - eth_chainId
[2024/05/10 16:00:19.094] - eth_call
[2024/05/10 16:00:19.102] - eth_getCode
[2024/05/10 16:00:22.213] - eth_chainId
[2024/05/10 16:00:22.218] - eth_call
[2024/05/10 16:00:22.224] - eth_getCode
[2024/05/10 16:00:22.234] - eth_accounts
[2024/05/10 16:00:22.242] - eth_getBlockByNumber
[2024/05/10 16:00:22.247] - eth_chainId
[2024/05/10 16:00:22.253] - eth_chainId
[2024/05/10 16:00:22.262] - eth_estimateGas
[2024/05/10 16:00:22.273] - eth_blockNumber
[2024/05/10 16:00:22.276] - eth_getBlockByNumber
[2024/05/10 16:00:22.283] - eth_sendTransaction
[2024/05/10 16:00:22.294] - 
  Transaction: 0xf423665b079280a673193f63c6538c424c05c96d967db7dcf0f1c078acd72d5f
  Gas usage: 21052
  Block number: 2
  Block time: Fri May 10 2024 16:00:22 GMT+0530 (India Standard Time)

[2024/05/10 16:00:22.299] - eth_getBlockByNumber
[2024/05/10 16:00:22.321] - eth_getBalance
[2024/05/10 16:00:22.331] - eth_getTransactionCount
[2024/05/10 16:00:22.340] - eth_getBalance
[2024/05/10 16:00:22.346] - eth_getTransactionCount
[2024/05/10 16:00:22.354] - eth_getBalance
[2024/05/10 16:00:22.363] - eth_getTransactionCount
[2024/05/10 16:00:22.369] - eth_getBalance
[2024/05/10 16:00:22.377] - eth_getTransactionCount
[2024/05/10 16:00:22.384] - eth_getBalance
[2024/05/10 16:00:22.392] - eth_getTransactionCount
[2024/05/10 16:00:22.400] - eth_getBalance
[2024/05/10 16:00:22.407] - eth_getTransactionCount
[2024/05/10 16:00:22.417] - eth_getBalance
[2024/05/10 16:00:22.428] - eth_getTransactionCount
[2024/05/10 16:00:22.436] - eth_getBalance
[2024/05/10 16:00:22.450] - eth_getTransactionCount
[2024/05/10 16:00:22.465] - eth_getBalance
[2024/05/10 16:00:22.473] - eth_getTransactionCount
[2024/05/10 16:00:22.484] - eth_getBalance
[2024/05/10 16:00:22.489] - eth_getTransactionCount
[2024/05/10 16:00:25.817] - eth_chainId
[2024/05/10 16:00:25.825] - eth_call
[2024/05/10 16:00:25.838] - eth_getCode
[2024/05/10 16:00:29.402] - eth_chainId
[2024/05/10 16:00:29.409] - eth_call
[2024/05/10 16:00:29.423] - eth_getCode
[2024/05/10 16:00:29.438] - eth_accounts
[2024/05/10 16:00:29.450] - eth_getBlockByNumber
[2024/05/10 16:00:29.457] - eth_chainId
[2024/05/10 16:00:29.467] - eth_chainId
[2024/05/10 16:00:29.477] - eth_estimateGas
[2024/05/10 16:00:29.502] - eth_blockNumber
[2024/05/10 16:00:29.507] - eth_getBlockByNumber
[2024/05/10 16:00:29.513] - eth_sendTransaction
[2024/05/10 16:00:29.530] - 
  Transaction: 0xa4f8df1945dfe27ec157b974ffd6f2b449d0928b0bbea7a73313d7b3fd7b8101
  Gas usage: 21052
  Block number: 3
  Block time: Fri May 10 2024 16:00:29 GMT+0530 (India Standard Time)

[2024/05/10 16:00:29.537] - eth_getBlockByNumber
[2024/05/10 16:00:29.548] - eth_getBalance
[2024/05/10 16:00:29.555] - eth_getTransactionCount
[2024/05/10 16:00:29.561] - eth_getBalance
[2024/05/10 16:00:29.570] - eth_getTransactionCount
[2024/05/10 16:00:29.578] - eth_getBalance
[2024/05/10 16:00:29.586] - eth_getTransactionCount
[2024/05/10 16:00:29.591] - eth_getBalance
[2024/05/10 16:00:29.600] - eth_getTransactionCount
[2024/05/10 16:00:29.607] - eth_getBalance
[2024/05/10 16:00:29.614] - eth_getTransactionCount
[2024/05/10 16:00:29.620] - eth_getBalance
[2024/05/10 16:00:29.626] - eth_getTransactionCount
[2024/05/10 16:00:29.632] - eth_getBalance
[2024/05/10 16:00:29.640] - eth_getTransactionCount
[2024/05/10 16:00:29.653] - eth_getBalance
[2024/05/10 16:00:29.658] - eth_getTransactionCount
[2024/05/10 16:00:29.665] - eth_getBalance
[2024/05/10 16:00:29.673] - eth_getTransactionCount
[2024/05/10 16:00:29.682] - eth_getBalance
[2024/05/10 16:00:29.689] - eth_getTransactionCount
[2024/05/10 16:00:41.976] - eth_chainId
[2024/05/10 16:00:41.982] - eth_call
[2024/05/10 16:00:41.989] - eth_getCode
[2024/05/10 16:01:05.009] - eth_chainId
[2024/05/10 16:01:05.014] - eth_call
[2024/05/10 16:01:05.021] - eth_getCode
[2024/05/10 16:01:05.228] - eth_chainId
[2024/05/10 16:01:05.237] - eth_call
[2024/05/10 16:01:05.247] - eth_getCode
[2024/05/10 16:01:05.255] - eth_accounts
[2024/05/10 16:01:05.260] - eth_getBlockByNumber
[2024/05/10 16:01:05.269] - eth_chainId
[2024/05/10 16:01:05.275] - eth_chainId
[2024/05/10 16:01:05.280] - eth_estimateGas
[2024/05/10 16:01:05.292] - eth_blockNumber
[2024/05/10 16:01:05.295] - eth_getBlockByNumber
[2024/05/10 16:01:05.300] - eth_sendTransaction
[2024/05/10 16:01:05.308] - 
  Transaction: 0x958d76099b5be750f6c88f33db7e5a3ad321ece507d0f6e543d6edac2ebe8455
  Gas usage: 21712
  Block number: 4
  Block time: Fri May 10 2024 16:01:05 GMT+0530 (India Standard Time)

[2024/05/10 16:01:05.312] - eth_getBlockByNumber
[2024/05/10 16:01:05.322] - eth_getBalance
[2024/05/10 16:01:05.327] - eth_getTransactionCount
[2024/05/10 16:01:05.332] - eth_getBalance
[2024/05/10 16:01:05.336] - eth_getTransactionCount
[2024/05/10 16:01:05.342] - eth_getBalance
[2024/05/10 16:01:05.349] - eth_getTransactionCount
[2024/05/10 16:01:05.354] - eth_getBalance
[2024/05/10 16:01:05.359] - eth_getTransactionCount
[2024/05/10 16:01:05.366] - eth_getBalance
[2024/05/10 16:01:05.370] - eth_getTransactionCount
[2024/05/10 16:01:05.377] - eth_getBalance
[2024/05/10 16:01:05.383] - eth_getTransactionCount
[2024/05/10 16:01:05.388] - eth_getBalance
[2024/05/10 16:01:05.392] - eth_getTransactionCount
[2024/05/10 16:01:05.397] - eth_getBalance
[2024/05/10 16:01:05.402] - eth_getTransactionCount
[2024/05/10 16:01:05.406] - eth_getBalance
[2024/05/10 16:01:05.410] - eth_getTransactionCount
[2024/05/10 16:01:05.415] - eth_getBalance
[2024/05/10 16:01:05.419] - eth_getTransactionCount
[2024/05/10 16:01:07.471] - eth_chainId
[2024/05/10 16:01:07.477] - eth_call
[2024/05/10 16:01:07.485] - eth_getCode
[2024/05/10 16:01:07.498] - eth_accounts
[2024/05/10 16:01:07.506] - eth_getBlockByNumber
[2024/05/10 16:01:07.512] - eth_chainId
[2024/05/10 16:01:07.524] - eth_chainId
[2024/05/10 16:01:07.529] - eth_estimateGas
[2024/05/10 16:01:07.547] - eth_blockNumber
[2024/05/10 16:01:07.552] - eth_getBlockByNumber
[2024/05/10 16:01:07.557] - eth_sendTransaction
[2024/05/10 16:01:07.572] - 
  Transaction: 0xe22742606ec9e338b85ba2951f4c1a3eecb662d1a7b691fce09d8424fb7b980a
  Gas usage: 21052
  Block number: 5
  Block time: Fri May 10 2024 16:01:07 GMT+0530 (India Standard Time)

[2024/05/10 16:01:07.581] - eth_getBlockByNumber
[2024/05/10 16:01:07.593] - eth_getBalance
[2024/05/10 16:01:07.600] - eth_getTransactionCount
[2024/05/10 16:01:07.609] - eth_getBalance
[2024/05/10 16:01:07.618] - eth_getTransactionCount
[2024/05/10 16:01:07.625] - eth_getBalance
[2024/05/10 16:01:07.633] - eth_getTransactionCount
[2024/05/10 16:01:07.640] - eth_getBalance
[2024/05/10 16:01:07.646] - eth_getTransactionCount
[2024/05/10 16:01:07.653] - eth_getBalance
[2024/05/10 16:01:07.661] - eth_getTransactionCount
[2024/05/10 16:01:07.667] - eth_getBalance
[2024/05/10 16:01:07.673] - eth_getTransactionCount
[2024/05/10 16:01:07.679] - eth_getBalance
[2024/05/10 16:01:07.684] - eth_getTransactionCount
[2024/05/10 16:01:07.692] - eth_getBalance
[2024/05/10 16:01:07.699] - eth_getTransactionCount
[2024/05/10 16:01:07.707] - eth_getBalance
[2024/05/10 16:01:07.717] - eth_getTransactionCount
[2024/05/10 16:01:07.724] - eth_getBalance
[2024/05/10 16:01:07.734] - eth_getTransactionCount
[2024/05/10 16:01:12.904] - eth_chainId
[2024/05/10 16:01:12.911] - eth_call
[2024/05/10 16:01:12.922] - eth_getCode
[2024/05/10 16:01:13.114] - eth_chainId
[2024/05/10 16:01:13.120] - eth_call
[2024/05/10 16:01:13.126] - eth_getCode
[2024/05/10 16:01:13.137] - eth_accounts
[2024/05/10 16:01:13.143] - eth_getBlockByNumber
[2024/05/10 16:01:13.151] - eth_chainId
[2024/05/10 16:01:13.157] - eth_chainId
[2024/05/10 16:01:13.164] - eth_estimateGas
[2024/05/10 16:01:13.176] - eth_blockNumber
[2024/05/10 16:01:13.181] - eth_getBlockByNumber
[2024/05/10 16:01:13.186] - eth_sendTransaction
[2024/05/10 16:01:13.198] - 
  Transaction: 0x6e7b5eb839569bdd1ec459959528087420b3e4b0d921cff2ddff4a68ba5bc05a
  Gas usage: 21052
  Block number: 6
  Block time: Fri May 10 2024 16:01:13 GMT+0530 (India Standard Time)

[2024/05/10 16:01:13.208] - eth_getBlockByNumber
[2024/05/10 16:01:13.220] - eth_getBalance
[2024/05/10 16:01:13.227] - eth_getTransactionCount
[2024/05/10 16:01:13.241] - eth_getBalance
[2024/05/10 16:01:13.247] - eth_getTransactionCount
[2024/05/10 16:01:13.254] - eth_getBalance
[2024/05/10 16:01:13.265] - eth_getTransactionCount
[2024/05/10 16:01:13.270] - eth_getBalance
[2024/05/10 16:01:13.280] - eth_getTransactionCount
[2024/05/10 16:01:13.289] - eth_getBalance
[2024/05/10 16:01:13.295] - eth_getTransactionCount
[2024/05/10 16:01:13.304] - eth_getBalance
[2024/05/10 16:01:13.314] - eth_getTransactionCount
[2024/05/10 16:01:13.318] - eth_getBalance
[2024/05/10 16:01:13.328] - eth_getTransactionCount
[2024/05/10 16:01:13.337] - eth_getBalance
[2024/05/10 16:01:13.344] - eth_getTransactionCount
[2024/05/10 16:01:13.351] - eth_getBalance
[2024/05/10 16:01:13.361] - eth_getTransactionCount
[2024/05/10 16:01:13.368] - eth_getBalance
[2024/05/10 16:01:13.375] - eth_getTransactionCount
[2024/05/10 16:01:30.456] - eth_chainId
[2024/05/10 16:01:30.462] - eth_call
[2024/05/10 16:01:30.472] - eth_getCode
[2024/05/10 16:01:30.480] - eth_accounts
[2024/05/10 16:01:30.490] - eth_getBlockByNumber
[2024/05/10 16:01:30.494] - eth_chainId
[2024/05/10 16:01:30.502] - eth_chainId
[2024/05/10 16:01:30.505] - eth_estimateGas
[2024/05/10 16:01:30.517] - eth_blockNumber
[2024/05/10 16:01:30.520] - eth_getBlockByNumber
[2024/05/10 16:01:30.524] - eth_sendTransaction
[2024/05/10 16:01:30.531] - 
  Transaction: 0x6375fcd03bf9eac5a85accb67dbfb8482c611e5771f6c66fbcce0eb4c99ea387
  Gas usage: 21712
  Block number: 7
  Block time: Fri May 10 2024 16:01:30 GMT+0530 (India Standard Time)

[2024/05/10 16:01:30.535] - eth_getBlockByNumber
[2024/05/10 16:01:30.541] - eth_getBalance
[2024/05/10 16:01:30.544] - eth_getTransactionCount
[2024/05/10 16:01:30.550] - eth_getBalance
[2024/05/10 16:01:30.553] - eth_getTransactionCount
[2024/05/10 16:01:30.560] - eth_getBalance
[2024/05/10 16:01:30.566] - eth_getTransactionCount
[2024/05/10 16:01:30.569] - eth_getBalance
[2024/05/10 16:01:30.574] - eth_getTransactionCount
[2024/05/10 16:01:30.580] - eth_getBalance
[2024/05/10 16:01:30.586] - eth_getTransactionCount
[2024/05/10 16:01:30.589] - eth_getBalance
[2024/05/10 16:01:30.593] - eth_getTransactionCount
[2024/05/10 16:01:30.600] - eth_getBalance
[2024/05/10 16:01:30.603] - eth_getTransactionCount
[2024/05/10 16:01:30.607] - eth_getBalance
[2024/05/10 16:01:30.613] - eth_getTransactionCount
[2024/05/10 16:01:30.617] - eth_getBalance
[2024/05/10 16:01:30.622] - eth_getTransactionCount
[2024/05/10 16:01:30.627] - eth_getBalance
[2024/05/10 16:01:30.633] - eth_getTransactionCount
[2024/05/10 16:03:43.286] - eth_chainId
[2024/05/10 16:03:43.292] - eth_call
[2024/05/10 16:03:43.302] - eth_getCode
[2024/05/10 16:03:43.748] - eth_chainId
[2024/05/10 16:03:43.753] - eth_call
[2024/05/10 16:03:43.763] - eth_getCode
[2024/05/10 16:03:46.963] - eth_chainId
[2024/05/10 16:03:46.971] - eth_call
[2024/05/10 16:03:46.985] - eth_getCode
[2024/05/10 16:03:46.996] - eth_accounts
[2024/05/10 16:03:47.005] - eth_getBlockByNumber
[2024/05/10 16:03:47.010] - eth_chainId
[2024/05/10 16:03:47.017] - eth_chainId
[2024/05/10 16:03:47.022] - eth_estimateGas
[2024/05/10 16:03:47.044] - eth_blockNumber
[2024/05/10 16:03:47.051] - eth_getBlockByNumber
[2024/05/10 16:03:47.058] - eth_sendTransaction
[2024/05/10 16:03:47.070] - 
  Transaction: 0xc350848ba7094beedb9203a5547f86fc6deb7c90199e85c09d1d1198588ebd71
  Gas usage: 21052
  Block number: 8
  Block time: Fri May 10 2024 16:03:47 GMT+0530 (India Standard Time)

[2024/05/10 16:03:47.079] - eth_getBlockByNumber
[2024/05/10 16:03:47.089] - eth_getBalance
[2024/05/10 16:03:47.096] - eth_getTransactionCount
[2024/05/10 16:03:47.102] - eth_getBalance
[2024/05/10 16:03:47.107] - eth_getTransactionCount
[2024/05/10 16:03:47.117] - eth_getBalance
[2024/05/10 16:03:47.126] - eth_getTransactionCount
[2024/05/10 16:03:47.134] - eth_getBalance
[2024/05/10 16:03:47.142] - eth_getTransactionCount
[2024/05/10 16:03:47.150] - eth_getBalance
[2024/05/10 16:03:47.159] - eth_getTransactionCount
[2024/05/10 16:03:47.164] - eth_getBalance
[2024/05/10 16:03:47.173] - eth_getTransactionCount
[2024/05/10 16:03:47.183] - eth_getBalance
[2024/05/10 16:03:47.190] - eth_getTransactionCount
[2024/05/10 16:03:47.199] - eth_getBalance
[2024/05/10 16:03:47.212] - eth_getTransactionCount
[2024/05/10 16:03:47.223] - eth_getBalance
[2024/05/10 16:03:47.233] - eth_getTransactionCount
[2024/05/10 16:03:47.242] - eth_getBalance
[2024/05/10 16:03:47.250] - eth_getTransactionCount
[2024/05/10 16:13:10.536] - eth_unsubscribe
[2024/05/10 16:13:10.537] - eth_unsubscribe
